[2020-02-28T16:43:06.266] [INFO] crash-log - [master-server-1 master.js] [gate],[gate-server-1],[1582879386266],[disconnect]
[2020-02-28T16:43:11.293] [INFO] crash-log - [master-server-1 master.js] [game],[game-server_1],[1582879391293],[disconnect]
[2020-02-28T16:43:16.332] [INFO] crash-log - [master-server-1 master.js] [connector],[connector-server-1],[1582879396332],[disconnect]
[2020-02-28T19:30:53.853] [INFO] crash-log - [master-server-1 master.js] [game],[game-server_1],[1582889453853],[disconnect]
[2020-04-10T18:08:54.785] [INFO] crash-log - [master-server-1 master.js] [master],[master-server-1],[1586513334785],[disconnect]
[2020-04-10T19:51:50.814] [INFO] crash-log - [master-server-1 master.js] [gate],[gate-server-1],[1586519510814],[disconnect]
[2020-04-10T19:51:55.827] [INFO] crash-log - [master-server-1 master.js] [game],[game-server_1],[1586519515827],[disconnect]
[2020-04-10T19:52:00.844] [INFO] crash-log - [master-server-1 master.js] [connector],[connector-server-1],[1586519520844],[disconnect]
[2020-04-10T20:09:17.792] [INFO] crash-log - [master-server-1 master.js] [connector],[connector-server-1],[1586520557792],[disconnect]
[2020-04-10T21:37:17.299] [INFO] crash-log - [master-server-1 master.js] [master],[master-server-1],[1586525837299],[disconnect]
[2020-04-11T04:31:18.136] [INFO] crash-log - [master-server-1 master.js] [gate],[gate-server-1],[1586550678136],[disconnect]
[2020-04-11T09:54:47.261] [INFO] crash-log - [master-server-1 master.js] [game],[game-server_1],[1586570087261],[disconnect]
[2020-04-11T10:42:52.743] [INFO] crash-log - [master-server-1 master.js] [game],[game-server_1],[1586572972743],[disconnect]
[2020-04-11T10:55:47.088] [INFO] crash-log - [master-server-1 master.js] [gate],[gate-server-1],[1586573747087],[disconnect]
[2020-04-11T11:17:32.395] [INFO] crash-log - [master-server-1 master.js] [connector],[connector-server-1],[1586575052395],[disconnect]
[2020-04-11T11:52:46.491] [INFO] crash-log - [master-server-1 master.js] [master],[master-server-1],[1586577166491],[disconnect]
[2020-06-04T20:36:34.661] [INFO] crash-log - [master-server-1 master.js] [master],[master-server-1],[1591274194661],[disconnect]
[2020-06-04T20:43:35.450] [INFO] crash-log - [master-server-1 master.js] [gate],[gate-server-1],[1591274615450],[disconnect]
[2020-06-04T20:47:35.382] [INFO] crash-log - [master-server-1 master.js] [game],[game-server_1],[1591274855382],[disconnect]
[2020-06-04T20:58:35.698] [INFO] crash-log - [master-server-1 master.js] [connector],[connector-server-1],[1591275515698],[disconnect]
[2020-06-06T12:24:40.200] [INFO] crash-log - [master-server-1 master.js] [game],[game-server_1],[1591417480200],[disconnect]
[2020-06-06T12:34:58.758] [INFO] crash-log - [master-server-1 master.js] [connector],[connector-server-1],[1591418098758],[disconnect]
[2020-06-06T12:35:39.482] [INFO] crash-log - [master-server-1 master.js] [master],[master-server-1],[1591418139482],[disconnect]
[2020-06-06T16:17:40.299] [INFO] crash-log - [master-server-1 master.js] [master],[master-server-1],[1591431460299],[disconnect]
[2020-06-06T16:30:36.379] [INFO] crash-log - [master-server-1 master.js] [master],[master-server-1],[1591432236378],[disconnect]
[2020-06-06T16:54:43.079] [INFO] crash-log - [master-server-1 master.js] [master],[master-server-1],[1591433683079],[disconnect]
[2020-06-08T20:57:40.042] [INFO] crash-log - [master-server-1 master.js] [game],[game-server_1],[1591621060042],[disconnect]
[2020-06-08T21:09:40.224] [INFO] crash-log - [master-server-1 master.js] [gate],[gate-server-1],[1591621780224],[disconnect]
[2020-06-08T21:46:48.552] [INFO] crash-log - [master-server-1 master.js] [connector],[connector-server-1],[1591624008552],[disconnect]
[2020-06-09T04:35:39.683] [INFO] crash-log - [master-server-1 master.js] [master],[master-server-1],[1591648539683],[disconnect]
[2020-06-12T15:46:15.228] [INFO] crash-log - [master-server-1 master.js] [game],[game-server_1],[1591947975228],[disconnect]
[2020-06-12T17:47:14.670] [INFO] crash-log - [master-server-1 master.js] [master],[master-server-1],[1591955234670],[disconnect]
[2020-06-12T18:08:13.195] [INFO] crash-log - [master-server-1 master.js] [gate],[gate-server-1],[1591956493195],[disconnect]
[2020-06-12T18:42:51.150] [INFO] crash-log - [master-server-1 master.js] [connector],[connector-server-1],[1591958571150],[disconnect]
[2020-06-18T18:21:51.325] [INFO] crash-log - [master-server-1 master.js] [connector],[connector-server-1],[1592475711325],[disconnect]
[2020-06-18T19:41:46.924] [INFO] crash-log - [master-server-1 master.js] [client],[pinus_list_1592480506857],[1592480506924],[disconnect]
[2020-06-18T19:41:56.343] [INFO] crash-log - [master-server-1 master.js] [game],[game-server_1],[1592480516343],[disconnect]
[2020-06-18T19:41:56.378] [INFO] crash-log - [master-server-1 master.js] [connector],[connector-server-1],[1592480516377],[disconnect]
[2020-06-18T19:41:56.401] [INFO] crash-log - [master-server-1 master.js] [gate],[gate-server-1],[1592480516401],[disconnect]
[2020-06-18T19:45:24.533] [INFO] crash-log - [master-server-1 master.js] [game],[game-server_1],[1592480724533],[disconnect]
[2020-06-18T19:45:24.551] [INFO] crash-log - [master-server-1 master.js] [gate],[gate-server-1],[1592480724551],[disconnect]
[2020-06-18T19:45:24.567] [INFO] crash-log - [master-server-1 master.js] [connector],[connector-server-1],[1592480724567],[disconnect]
[2020-06-18T20:11:34.488] [INFO] crash-log - [master-server-1 master.js] [master],[master-server-1],[1592482294488],[disconnect]
[2020-06-18T20:20:35.288] [INFO] crash-log - [master-server-1 master.js] [gate],[gate-server-1],[1592482835288],[disconnect]
[2020-06-18T21:07:35.142] [INFO] crash-log - [master-server-1 master.js] [game],[game-server_1],[1592485655142],[disconnect]
[2020-06-18T23:55:35.200] [INFO] crash-log - [master-server-1 master.js] [connector],[connector-server-1],[1592495735199],[disconnect]
[2020-07-07T01:00:45.085] [INFO] crash-log - [master-server-1 master.js] [gate],[gate-server-1],[1594054845085],[disconnect]
[2020-07-07T13:50:44.707] [INFO] crash-log - [master-server-1 master.js] [master],[master-server-1],[1594101044707],[disconnect]
[2020-07-08T10:36:37.442] [INFO] crash-log - [master-server-1 master.js] [game],[game-server_1],[1594175797442],[disconnect]
[2020-07-08T10:36:37.449] [INFO] crash-log - [master-server-1 master.js] [gate],[gate-server-1],[1594175797449],[disconnect]
[2020-07-08T10:36:37.451] [INFO] crash-log - [master-server-1 master.js] [connector],[connector-server-1],[1594175797451],[disconnect]
[2020-07-08T10:36:45.523] [INFO] crash-log - [master-server-1 master.js] [client],[pinus_restart_1594175797404],[1594175805523],[disconnect]
[2020-07-08T10:37:12.680] [INFO] crash-log - [master-server-1 master.js] [client],[pinus_list_1594175832636],[1594175832680],[disconnect]
[2020-07-08T10:43:14.614] [INFO] crash-log - [master-server-1 master.js] [connector],[connector-server-1],[1594176194614],[disconnect]
[2020-07-08T10:43:14.622] [INFO] crash-log - [master-server-1 master.js] [client],[pinus_terminal_1594176194582],[1594176194622],[disconnect]
[2020-07-08T10:43:52.520] [INFO] crash-log - [master-server-1 master.js] [game],[game-server_1],[1594176232520],[disconnect]
[2020-07-08T10:43:52.540] [INFO] crash-log - [master-server-1 master.js] [client],[pinus_terminal_1594176232488],[1594176232540],[disconnect]
[2020-07-08T10:43:59.037] [INFO] crash-log - [master-server-1 master.js] [client],[pinus_list_1594176238992],[1594176239036],[disconnect]
[2020-07-08T10:53:44.411] [INFO] crash-log - [master-server-1 master.js] [client],[pinus_list_1594176824358],[1594176824411],[disconnect]
[2020-07-08T11:13:34.741] [INFO] crash-log - [master-server-1 master.js] [client],[pinus_list_1594178014694],[1594178014741],[disconnect]
[2020-07-08T11:14:43.858] [INFO] crash-log - [master-server-1 master.js] [client],[pinus_list_1594178083802],[1594178083857],[disconnect]
[2020-07-08T11:20:38.284] [INFO] crash-log - [master-server-1 master.js] [client],[pinus_list_1594178438228],[1594178438284],[disconnect]
[2020-07-08T11:39:09.703] [INFO] crash-log - [master-server-1 master.js] [client],[pomelo_cli_1594179433501],[1594179549703],[disconnect]
[2020-07-08T16:24:09.378] [INFO] crash-log - [master-server-1 master.js] [master],[master-server-1],[1594196649378],[disconnect]
[2020-07-09T05:17:14.777] [INFO] crash-log - [master-server-1 master.js] [connector],[connector-server-1],[1594243034777],[disconnect]
[2020-07-09T05:53:07.537] [INFO] crash-log - [master-server-1 master.js] [game],[game-server_1],[1594245187537],[disconnect]
[2020-07-09T06:47:07.623] [INFO] crash-log - [master-server-1 master.js] [gate],[gate-server-1],[1594248427622],[disconnect]
