[2020-02-28T18:34:42.805] [ERROR] pinus-rpc - [connector-server-1 mqtt-mailbox] mqtt rpc client connector-server-1 checkKeepAlive timeout from remote server game-server_1 for 20000 lastPing: 1582886062767 lastPong: 1582886052786Error: 
    at Logger.pLogger.<computed> [as error] (C:\Users\Administrator\Desktop\testServer\game-server\node_modules\pinus-logger\lib\logger.ts:70:34)
    at MailBox.checkKeepAlive (C:\Users\Administrator\Desktop\testServer\game-server\node_modules\pinus-rpc\lib\rpc-client\mailboxes\mqtt-mailbox.ts:221:28)
    at Timeout._onTimeout (C:\Users\Administrator\Desktop\testServer\game-server\node_modules\pinus-rpc\lib\rpc-client\mailboxes\mqtt-mailbox.ts:206:18)
    at listOnTimeout (internal/timers.js:531:17)
    at processTimers (internal/timers.js:475:7)
[2020-02-28T18:34:43.008] [ERROR] pinus-rpc - [connector-server-1 mqtt-mailbox] rpc connector-server-1 callback timeout 30000, remote server 5 host: 127.0.0.1, port: 6050Error: 
    at Logger.pLogger.<computed> [as error] (C:\Users\Administrator\Desktop\testServer\game-server\node_modules\pinus-logger\lib\logger.ts:70:34)
    at Timeout.<anonymous> (C:\Users\Administrator\Desktop\testServer\game-server\node_modules\pinus-rpc\lib\rpc-client\mailboxes\mqtt-mailbox.ts:288:20)
    at listOnTimeout (internal/timers.js:531:17)
    at processTimers (internal/timers.js:475:7)
[2020-02-28T18:34:43.061] [ERROR] pinus-rpc - [connector-server-1 MailStation] [pinus-rpc] fail to send message Error: rpc connector-server-1 callback timeout 30000, remote server 5 host: 127.0.0.1, port: 6050
    at Timeout.<anonymous> (C:\Users\Administrator\Desktop\testServer\game-server\node_modules\pinus-rpc\lib\rpc-client\mailboxes\mqtt-mailbox.ts:289:24)
    at listOnTimeout (internal/timers.js:531:17)
    at processTimers (internal/timers.js:475:7)Error: 
    at Logger.pLogger.<computed> [as error] (C:\Users\Administrator\Desktop\testServer\game-server\node_modules\pinus-logger\lib\logger.ts:70:34)
    at C:\Users\Administrator\Desktop\testServer\game-server\node_modules\pinus-rpc\lib\rpc-client\mailstation.ts:289:28
    at Timeout.<anonymous> (C:\Users\Administrator\Desktop\testServer\game-server\node_modules\pinus-rpc\lib\rpc-client\mailboxes\mqtt-mailbox.ts:289:13)
    at listOnTimeout (internal/timers.js:531:17)
    at processTimers (internal/timers.js:475:7)
[2020-02-28T18:34:43.092] [ERROR] pinus-rpc - [connector-server-1 failprocess] rpc failed with error, remote server: game-server_1, msg: {"namespace":"sys","serverType":"game","service":"msgRemote","method":"forwardMessage","args":[{"id":4,"type":0,"compressRoute":0,"route":"game.chatHandler.send","body":{"rid":"room1","content":"asd","from":"111","target":"*"},"compressGzip":0},{"id":3,"frontendId":"connector-server-1","uid":null,"settings":{"rid":"room1"}}]}, error code: 5Error: 
    at Logger.pLogger.<computed> [as error] (C:\Users\Administrator\Desktop\testServer\game-server\node_modules\pinus-logger\lib\logger.ts:70:34)
    at MailStation.failfast (C:\Users\Administrator\Desktop\testServer\game-server\node_modules\pinus-rpc\lib\rpc-client\failureProcess.ts:158:12)
    at MailStation.failureProcess (C:\Users\Administrator\Desktop\testServer\game-server\node_modules\pinus-rpc\lib\rpc-client\failureProcess.ts:34:12)
    at MailStation.emit (events.js:210:5)
    at C:\Users\Administrator\Desktop\testServer\game-server\node_modules\pinus-rpc\lib\rpc-client\mailstation.ts:290:26
    at Timeout.<anonymous> (C:\Users\Administrator\Desktop\testServer\game-server\node_modules\pinus-rpc\lib\rpc-client\mailboxes\mqtt-mailbox.ts:289:13)
    at listOnTimeout (internal/timers.js:531:17)
    at processTimers (internal/timers.js:475:7)
[2020-02-28T18:50:32.264] [ERROR] pinus-rpc - [connector-server-1 mqtt-mailbox] rpc connector-server-1 callback timeout 30000, remote server 0 host: 127.0.0.1, port: 6050Error: 
    at Logger.pLogger.<computed> [as error] (C:\Users\Administrator\Desktop\testServer\game-server\node_modules\pinus-logger\lib\logger.ts:70:34)
    at Timeout.<anonymous> (C:\Users\Administrator\Desktop\testServer\game-server\node_modules\pinus-rpc\lib\rpc-client\mailboxes\mqtt-mailbox.ts:288:20)
    at listOnTimeout (internal/timers.js:531:17)
    at processTimers (internal/timers.js:475:7)
[2020-02-28T18:50:32.271] [ERROR] pinus-rpc - [connector-server-1 MailStation] [pinus-rpc] fail to send message Error: rpc connector-server-1 callback timeout 30000, remote server 0 host: 127.0.0.1, port: 6050
    at Timeout.<anonymous> (C:\Users\Administrator\Desktop\testServer\game-server\node_modules\pinus-rpc\lib\rpc-client\mailboxes\mqtt-mailbox.ts:289:24)
    at listOnTimeout (internal/timers.js:531:17)
    at processTimers (internal/timers.js:475:7)Error: 
    at Logger.pLogger.<computed> [as error] (C:\Users\Administrator\Desktop\testServer\game-server\node_modules\pinus-logger\lib\logger.ts:70:34)
    at C:\Users\Administrator\Desktop\testServer\game-server\node_modules\pinus-rpc\lib\rpc-client\mailstation.ts:289:28
    at Timeout.<anonymous> (C:\Users\Administrator\Desktop\testServer\game-server\node_modules\pinus-rpc\lib\rpc-client\mailboxes\mqtt-mailbox.ts:289:13)
    at listOnTimeout (internal/timers.js:531:17)
    at processTimers (internal/timers.js:475:7)
[2020-02-28T18:50:32.276] [ERROR] pinus-rpc - [connector-server-1 failprocess] rpc failed with error, remote server: game-server_1, msg: {"namespace":"user","serverType":"game","service":"gameRemote","method":"add","args":["1111111","connector-server-1","room",true]}, error code: 5Error: 
    at Logger.pLogger.<computed> [as error] (C:\Users\Administrator\Desktop\testServer\game-server\node_modules\pinus-logger\lib\logger.ts:70:34)
    at MailStation.failfast (C:\Users\Administrator\Desktop\testServer\game-server\node_modules\pinus-rpc\lib\rpc-client\failureProcess.ts:158:12)
    at MailStation.failureProcess (C:\Users\Administrator\Desktop\testServer\game-server\node_modules\pinus-rpc\lib\rpc-client\failureProcess.ts:34:12)
    at MailStation.emit (events.js:210:5)
    at C:\Users\Administrator\Desktop\testServer\game-server\node_modules\pinus-rpc\lib\rpc-client\mailstation.ts:290:26
    at Timeout.<anonymous> (C:\Users\Administrator\Desktop\testServer\game-server\node_modules\pinus-rpc\lib\rpc-client\mailboxes\mqtt-mailbox.ts:289:13)
    at listOnTimeout (internal/timers.js:531:17)
    at processTimers (internal/timers.js:475:7)
[2020-02-28T18:50:32.310] [ERROR] pinus-rpc - [connector-server-1 mqtt-mailbox] mqtt rpc client connector-server-1 checkKeepAlive timeout from remote server game-server_1 for 20000 lastPing: 1582887012244 lastPong: -1Error: 
    at Logger.pLogger.<computed> [as error] (C:\Users\Administrator\Desktop\testServer\game-server\node_modules\pinus-logger\lib\logger.ts:70:34)
    at MailBox.checkKeepAlive (C:\Users\Administrator\Desktop\testServer\game-server\node_modules\pinus-rpc\lib\rpc-client\mailboxes\mqtt-mailbox.ts:221:28)
    at Timeout._onTimeout (C:\Users\Administrator\Desktop\testServer\game-server\node_modules\pinus-rpc\lib\rpc-client\mailboxes\mqtt-mailbox.ts:206:18)
    at listOnTimeout (internal/timers.js:531:17)
    at processTimers (internal/timers.js:475:7)
[2020-02-28T19:07:14.775] [ERROR] pinus-rpc - [connector-server-1 mqtt-mailbox] mqtt rpc client connector-server-1 checkKeepAlive timeout from remote server game-server_1 for 20000 lastPing: 1582888014711 lastPong: 1582888004712Error: 
    at Logger.pLogger.<computed> [as error] (C:\Users\Administrator\Desktop\testServer\game-server\node_modules\pinus-logger\lib\logger.ts:70:34)
    at MailBox.checkKeepAlive (C:\Users\Administrator\Desktop\testServer\game-server\node_modules\pinus-rpc\lib\rpc-client\mailboxes\mqtt-mailbox.ts:221:28)
    at Timeout._onTimeout (C:\Users\Administrator\Desktop\testServer\game-server\node_modules\pinus-rpc\lib\rpc-client\mailboxes\mqtt-mailbox.ts:206:18)
    at listOnTimeout (internal/timers.js:531:17)
    at processTimers (internal/timers.js:475:7)
[2020-02-28T19:07:19.605] [ERROR] pinus-rpc - [connector-server-1 mqtt-mailbox] rpc connector-server-1 callback timeout 30000, remote server 4 host: 127.0.0.1, port: 6050Error: 
    at Logger.pLogger.<computed> [as error] (C:\Users\Administrator\Desktop\testServer\game-server\node_modules\pinus-logger\lib\logger.ts:70:34)
    at Timeout.<anonymous> (C:\Users\Administrator\Desktop\testServer\game-server\node_modules\pinus-rpc\lib\rpc-client\mailboxes\mqtt-mailbox.ts:288:20)
    at listOnTimeout (internal/timers.js:531:17)
    at processTimers (internal/timers.js:475:7)
[2020-02-28T19:07:19.635] [ERROR] pinus-rpc - [connector-server-1 MailStation] [pinus-rpc] fail to send message Error: rpc connector-server-1 callback timeout 30000, remote server 4 host: 127.0.0.1, port: 6050
    at Timeout.<anonymous> (C:\Users\Administrator\Desktop\testServer\game-server\node_modules\pinus-rpc\lib\rpc-client\mailboxes\mqtt-mailbox.ts:289:24)
    at listOnTimeout (internal/timers.js:531:17)
    at processTimers (internal/timers.js:475:7)Error: 
    at Logger.pLogger.<computed> [as error] (C:\Users\Administrator\Desktop\testServer\game-server\node_modules\pinus-logger\lib\logger.ts:70:34)
    at C:\Users\Administrator\Desktop\testServer\game-server\node_modules\pinus-rpc\lib\rpc-client\mailstation.ts:289:28
    at Timeout.<anonymous> (C:\Users\Administrator\Desktop\testServer\game-server\node_modules\pinus-rpc\lib\rpc-client\mailboxes\mqtt-mailbox.ts:289:13)
    at listOnTimeout (internal/timers.js:531:17)
    at processTimers (internal/timers.js:475:7)
[2020-02-28T19:07:19.644] [ERROR] pinus-rpc - [connector-server-1 failprocess] rpc failed with error, remote server: game-server_1, msg: {"namespace":"sys","serverType":"game","service":"msgRemote","method":"forwardMessage","args":[{"id":3,"type":0,"compressRoute":0,"route":"game.chatHandler.send","body":{"rid":"222","content":"sadas","from":"111","target":"*"},"compressGzip":0},{"id":3,"frontendId":"connector-server-1","uid":null,"settings":{"rid":"222"}}]}, error code: 5Error: 
    at Logger.pLogger.<computed> [as error] (C:\Users\Administrator\Desktop\testServer\game-server\node_modules\pinus-logger\lib\logger.ts:70:34)
    at MailStation.failfast (C:\Users\Administrator\Desktop\testServer\game-server\node_modules\pinus-rpc\lib\rpc-client\failureProcess.ts:158:12)
    at MailStation.failureProcess (C:\Users\Administrator\Desktop\testServer\game-server\node_modules\pinus-rpc\lib\rpc-client\failureProcess.ts:34:12)
    at MailStation.emit (events.js:210:5)
    at C:\Users\Administrator\Desktop\testServer\game-server\node_modules\pinus-rpc\lib\rpc-client\mailstation.ts:290:26
    at Timeout.<anonymous> (C:\Users\Administrator\Desktop\testServer\game-server\node_modules\pinus-rpc\lib\rpc-client\mailboxes\mqtt-mailbox.ts:289:13)
    at listOnTimeout (internal/timers.js:531:17)
    at processTimers (internal/timers.js:475:7)
[2020-03-02T10:41:35.479] [ERROR] pinus-rpc - [connector-server-1 mqtt-mailbox] rpc connector-server-1 callback timeout 30000, remote server 5 host: 127.0.0.1, port: 6050Error: 
    at Logger.pLogger.<computed> [as error] (C:\Users\Administrator\Desktop\testServer\game-server\node_modules\pinus-logger\lib\logger.ts:70:34)
    at Timeout.<anonymous> (C:\Users\Administrator\Desktop\testServer\game-server\node_modules\pinus-rpc\lib\rpc-client\mailboxes\mqtt-mailbox.ts:288:20)
    at listOnTimeout (internal/timers.js:531:17)
    at processTimers (internal/timers.js:475:7)
[2020-03-02T10:41:35.480] [ERROR] pinus-rpc - [connector-server-1 MailStation] [pinus-rpc] fail to send message Error: rpc connector-server-1 callback timeout 30000, remote server 5 host: 127.0.0.1, port: 6050
    at Timeout.<anonymous> (C:\Users\Administrator\Desktop\testServer\game-server\node_modules\pinus-rpc\lib\rpc-client\mailboxes\mqtt-mailbox.ts:289:24)
    at listOnTimeout (internal/timers.js:531:17)
    at processTimers (internal/timers.js:475:7)Error: 
    at Logger.pLogger.<computed> [as error] (C:\Users\Administrator\Desktop\testServer\game-server\node_modules\pinus-logger\lib\logger.ts:70:34)
    at C:\Users\Administrator\Desktop\testServer\game-server\node_modules\pinus-rpc\lib\rpc-client\mailstation.ts:289:28
    at Timeout.<anonymous> (C:\Users\Administrator\Desktop\testServer\game-server\node_modules\pinus-rpc\lib\rpc-client\mailboxes\mqtt-mailbox.ts:289:13)
    at listOnTimeout (internal/timers.js:531:17)
    at processTimers (internal/timers.js:475:7)
[2020-03-02T10:41:35.487] [ERROR] pinus-rpc - [connector-server-1 failprocess] rpc failed with error, remote server: game-server_1, msg: {"namespace":"sys","serverType":"game","service":"msgRemote","method":"forwardMessage","args":[{"id":4,"type":0,"compressRoute":0,"route":"game.chatHandler.send","body":{"rid":"room1","content":"asdasd","from":"555","target":"12312"},"compressGzip":0},{"id":3,"frontendId":"connector-server-1","uid":null,"settings":{"rid":"room1"}}]}, error code: 5Error: 
    at Logger.pLogger.<computed> [as error] (C:\Users\Administrator\Desktop\testServer\game-server\node_modules\pinus-logger\lib\logger.ts:70:34)
    at MailStation.failfast (C:\Users\Administrator\Desktop\testServer\game-server\node_modules\pinus-rpc\lib\rpc-client\failureProcess.ts:158:12)
    at MailStation.failureProcess (C:\Users\Administrator\Desktop\testServer\game-server\node_modules\pinus-rpc\lib\rpc-client\failureProcess.ts:34:12)
    at MailStation.emit (events.js:210:5)
    at C:\Users\Administrator\Desktop\testServer\game-server\node_modules\pinus-rpc\lib\rpc-client\mailstation.ts:290:26
    at Timeout.<anonymous> (C:\Users\Administrator\Desktop\testServer\game-server\node_modules\pinus-rpc\lib\rpc-client\mailboxes\mqtt-mailbox.ts:289:13)
    at listOnTimeout (internal/timers.js:531:17)
    at processTimers (internal/timers.js:475:7)
[2020-03-02T10:41:40.875] [ERROR] pinus-rpc - [connector-server-1 mqtt-mailbox] mqtt rpc client connector-server-1 checkKeepAlive timeout from remote server game-server_1 for 20000 lastPing: 1583116870874 lastPong: 1583116860877Error: 
    at Logger.pLogger.<computed> [as error] (C:\Users\Administrator\Desktop\testServer\game-server\node_modules\pinus-logger\lib\logger.ts:70:34)
    at MailBox.checkKeepAlive (C:\Users\Administrator\Desktop\testServer\game-server\node_modules\pinus-rpc\lib\rpc-client\mailboxes\mqtt-mailbox.ts:221:28)
    at Timeout._onTimeout (C:\Users\Administrator\Desktop\testServer\game-server\node_modules\pinus-rpc\lib\rpc-client\mailboxes\mqtt-mailbox.ts:206:18)
    at listOnTimeout (internal/timers.js:531:17)
    at processTimers (internal/timers.js:475:7)
[2020-03-02T11:35:32.371] [ERROR] pinus-rpc - [connector-server-1 mqtt-mailbox] rpc connector-server-1 callback timeout 30000, remote server 4 host: 127.0.0.1, port: 6050Error: 
    at Logger.pLogger.<computed> [as error] (C:\Users\Administrator\Desktop\testServer\game-server\node_modules\pinus-logger\lib\logger.ts:70:34)
    at Timeout.<anonymous> (C:\Users\Administrator\Desktop\testServer\game-server\node_modules\pinus-rpc\lib\rpc-client\mailboxes\mqtt-mailbox.ts:288:20)
    at listOnTimeout (internal/timers.js:531:17)
    at processTimers (internal/timers.js:475:7)
[2020-03-02T11:35:32.382] [ERROR] pinus-rpc - [connector-server-1 MailStation] [pinus-rpc] fail to send message Error: rpc connector-server-1 callback timeout 30000, remote server 4 host: 127.0.0.1, port: 6050
    at Timeout.<anonymous> (C:\Users\Administrator\Desktop\testServer\game-server\node_modules\pinus-rpc\lib\rpc-client\mailboxes\mqtt-mailbox.ts:289:24)
    at listOnTimeout (internal/timers.js:531:17)
    at processTimers (internal/timers.js:475:7)Error: 
    at Logger.pLogger.<computed> [as error] (C:\Users\Administrator\Desktop\testServer\game-server\node_modules\pinus-logger\lib\logger.ts:70:34)
    at C:\Users\Administrator\Desktop\testServer\game-server\node_modules\pinus-rpc\lib\rpc-client\mailstation.ts:289:28
    at Timeout.<anonymous> (C:\Users\Administrator\Desktop\testServer\game-server\node_modules\pinus-rpc\lib\rpc-client\mailboxes\mqtt-mailbox.ts:289:13)
    at listOnTimeout (internal/timers.js:531:17)
    at processTimers (internal/timers.js:475:7)
[2020-03-02T11:35:32.387] [ERROR] pinus-rpc - [connector-server-1 failprocess] rpc failed with error, remote server: game-server_1, msg: {"namespace":"sys","serverType":"game","service":"msgRemote","method":"forwardMessage","args":[{"id":3,"type":0,"compressRoute":0,"route":"game.chatHandler.send","body":{"rid":"aaa","content":"asa","from":"111","target":"111"},"compressGzip":0},{"id":1,"frontendId":"connector-server-1","uid":null,"settings":{"rid":"aaa"}}]}, error code: 5Error: 
    at Logger.pLogger.<computed> [as error] (C:\Users\Administrator\Desktop\testServer\game-server\node_modules\pinus-logger\lib\logger.ts:70:34)
    at MailStation.failfast (C:\Users\Administrator\Desktop\testServer\game-server\node_modules\pinus-rpc\lib\rpc-client\failureProcess.ts:158:12)
    at MailStation.failureProcess (C:\Users\Administrator\Desktop\testServer\game-server\node_modules\pinus-rpc\lib\rpc-client\failureProcess.ts:34:12)
    at MailStation.emit (events.js:210:5)
    at C:\Users\Administrator\Desktop\testServer\game-server\node_modules\pinus-rpc\lib\rpc-client\mailstation.ts:290:26
    at Timeout.<anonymous> (C:\Users\Administrator\Desktop\testServer\game-server\node_modules\pinus-rpc\lib\rpc-client\mailboxes\mqtt-mailbox.ts:289:13)
    at listOnTimeout (internal/timers.js:531:17)
    at processTimers (internal/timers.js:475:7)
[2020-03-02T11:35:32.415] [ERROR] pinus-rpc - [connector-server-1 mqtt-mailbox] mqtt rpc client connector-server-1 checkKeepAlive timeout from remote server game-server_1 for 20000 lastPing: 1583120102388 lastPong: 1583120092393Error: 
    at Logger.pLogger.<computed> [as error] (C:\Users\Administrator\Desktop\testServer\game-server\node_modules\pinus-logger\lib\logger.ts:70:34)
    at MailBox.checkKeepAlive (C:\Users\Administrator\Desktop\testServer\game-server\node_modules\pinus-rpc\lib\rpc-client\mailboxes\mqtt-mailbox.ts:221:28)
    at Timeout._onTimeout (C:\Users\Administrator\Desktop\testServer\game-server\node_modules\pinus-rpc\lib\rpc-client\mailboxes\mqtt-mailbox.ts:206:18)
    at listOnTimeout (internal/timers.js:531:17)
    at processTimers (internal/timers.js:475:7)
[2020-03-02T11:36:39.172] [ERROR] pinus-rpc - [connector-server-1 mqtt-mailbox] rpc connector-server-1 callback timeout 30000, remote server 0 host: 127.0.0.1, port: 6050Error: 
    at Logger.pLogger.<computed> [as error] (C:\Users\Administrator\Desktop\testServer\game-server\node_modules\pinus-logger\lib\logger.ts:70:34)
    at Timeout.<anonymous> (C:\Users\Administrator\Desktop\testServer\game-server\node_modules\pinus-rpc\lib\rpc-client\mailboxes\mqtt-mailbox.ts:288:20)
    at listOnTimeout (internal/timers.js:531:17)
    at processTimers (internal/timers.js:475:7)
[2020-03-02T11:36:39.173] [ERROR] pinus-rpc - [connector-server-1 MailStation] [pinus-rpc] fail to send message Error: rpc connector-server-1 callback timeout 30000, remote server 0 host: 127.0.0.1, port: 6050
    at Timeout.<anonymous> (C:\Users\Administrator\Desktop\testServer\game-server\node_modules\pinus-rpc\lib\rpc-client\mailboxes\mqtt-mailbox.ts:289:24)
    at listOnTimeout (internal/timers.js:531:17)
    at processTimers (internal/timers.js:475:7)Error: 
    at Logger.pLogger.<computed> [as error] (C:\Users\Administrator\Desktop\testServer\game-server\node_modules\pinus-logger\lib\logger.ts:70:34)
    at C:\Users\Administrator\Desktop\testServer\game-server\node_modules\pinus-rpc\lib\rpc-client\mailstation.ts:289:28
    at Timeout.<anonymous> (C:\Users\Administrator\Desktop\testServer\game-server\node_modules\pinus-rpc\lib\rpc-client\mailboxes\mqtt-mailbox.ts:289:13)
    at listOnTimeout (internal/timers.js:531:17)
    at processTimers (internal/timers.js:475:7)
[2020-03-02T11:36:39.174] [ERROR] pinus-rpc - [connector-server-1 failprocess] rpc failed with error, remote server: game-server_1, msg: {"namespace":"sys","serverType":"game","service":"msgRemote","method":"forwardMessage","args":[{"id":4,"type":0,"compressRoute":0,"route":"game.chatHandler.send","body":{"rid":"aaa","content":"sadas","from":"111","target":"111"},"compressGzip":0},{"id":1,"frontendId":"connector-server-1","uid":null,"settings":{"rid":"aaa"}}]}, error code: 5Error: 
    at Logger.pLogger.<computed> [as error] (C:\Users\Administrator\Desktop\testServer\game-server\node_modules\pinus-logger\lib\logger.ts:70:34)
    at MailStation.failfast (C:\Users\Administrator\Desktop\testServer\game-server\node_modules\pinus-rpc\lib\rpc-client\failureProcess.ts:158:12)
    at MailStation.failureProcess (C:\Users\Administrator\Desktop\testServer\game-server\node_modules\pinus-rpc\lib\rpc-client\failureProcess.ts:34:12)
    at MailStation.emit (events.js:210:5)
    at C:\Users\Administrator\Desktop\testServer\game-server\node_modules\pinus-rpc\lib\rpc-client\mailstation.ts:290:26
    at Timeout.<anonymous> (C:\Users\Administrator\Desktop\testServer\game-server\node_modules\pinus-rpc\lib\rpc-client\mailboxes\mqtt-mailbox.ts:289:13)
    at listOnTimeout (internal/timers.js:531:17)
    at processTimers (internal/timers.js:475:7)
[2020-03-02T11:36:39.180] [ERROR] pinus-rpc - [connector-server-1 mqtt-mailbox] mqtt rpc client connector-server-1 checkKeepAlive timeout from remote server game-server_1 for 20000 lastPing: 1583120179173 lastPong: -1Error: 
    at Logger.pLogger.<computed> [as error] (C:\Users\Administrator\Desktop\testServer\game-server\node_modules\pinus-logger\lib\logger.ts:70:34)
    at MailBox.checkKeepAlive (C:\Users\Administrator\Desktop\testServer\game-server\node_modules\pinus-rpc\lib\rpc-client\mailboxes\mqtt-mailbox.ts:221:28)
    at Timeout._onTimeout (C:\Users\Administrator\Desktop\testServer\game-server\node_modules\pinus-rpc\lib\rpc-client\mailboxes\mqtt-mailbox.ts:206:18)
    at listOnTimeout (internal/timers.js:531:17)
    at processTimers (internal/timers.js:475:7)
[2020-03-02T11:43:05.212] [ERROR] pinus-rpc - [connector-server-1 mqtt-mailbox] mqtt rpc client connector-server-1 checkKeepAlive timeout from remote server game-server_1 for 20000 lastPing: 1583120565160 lastPong: 1583120555178Error: 
    at Logger.pLogger.<computed> [as error] (C:\Users\Administrator\Desktop\testServer\game-server\node_modules\pinus-logger\lib\logger.ts:70:34)
    at MailBox.checkKeepAlive (C:\Users\Administrator\Desktop\testServer\game-server\node_modules\pinus-rpc\lib\rpc-client\mailboxes\mqtt-mailbox.ts:221:28)
    at Timeout._onTimeout (C:\Users\Administrator\Desktop\testServer\game-server\node_modules\pinus-rpc\lib\rpc-client\mailboxes\mqtt-mailbox.ts:206:18)
    at listOnTimeout (internal/timers.js:531:17)
    at processTimers (internal/timers.js:475:7)
[2020-03-02T11:43:07.357] [ERROR] pinus-rpc - [connector-server-1 mqtt-mailbox] rpc connector-server-1 callback timeout 30000, remote server 1 host: 127.0.0.1, port: 6050Error: 
    at Logger.pLogger.<computed> [as error] (C:\Users\Administrator\Desktop\testServer\game-server\node_modules\pinus-logger\lib\logger.ts:70:34)
    at Timeout.<anonymous> (C:\Users\Administrator\Desktop\testServer\game-server\node_modules\pinus-rpc\lib\rpc-client\mailboxes\mqtt-mailbox.ts:288:20)
    at listOnTimeout (internal/timers.js:531:17)
    at processTimers (internal/timers.js:475:7)
[2020-03-02T11:43:07.402] [ERROR] pinus-rpc - [connector-server-1 MailStation] [pinus-rpc] fail to send message Error: rpc connector-server-1 callback timeout 30000, remote server 1 host: 127.0.0.1, port: 6050
    at Timeout.<anonymous> (C:\Users\Administrator\Desktop\testServer\game-server\node_modules\pinus-rpc\lib\rpc-client\mailboxes\mqtt-mailbox.ts:289:24)
    at listOnTimeout (internal/timers.js:531:17)
    at processTimers (internal/timers.js:475:7)Error: 
    at Logger.pLogger.<computed> [as error] (C:\Users\Administrator\Desktop\testServer\game-server\node_modules\pinus-logger\lib\logger.ts:70:34)
    at C:\Users\Administrator\Desktop\testServer\game-server\node_modules\pinus-rpc\lib\rpc-client\mailstation.ts:289:28
    at Timeout.<anonymous> (C:\Users\Administrator\Desktop\testServer\game-server\node_modules\pinus-rpc\lib\rpc-client\mailboxes\mqtt-mailbox.ts:289:13)
    at listOnTimeout (internal/timers.js:531:17)
    at processTimers (internal/timers.js:475:7)
[2020-03-02T11:43:07.419] [ERROR] pinus-rpc - [connector-server-1 failprocess] rpc failed with error, remote server: game-server_1, msg: {"namespace":"user","serverType":"game","service":"gameRemote","method":"add","args":["111*aaa","connector-server-1","aaa",true]}, error code: 5Error: 
    at Logger.pLogger.<computed> [as error] (C:\Users\Administrator\Desktop\testServer\game-server\node_modules\pinus-logger\lib\logger.ts:70:34)
    at MailStation.failfast (C:\Users\Administrator\Desktop\testServer\game-server\node_modules\pinus-rpc\lib\rpc-client\failureProcess.ts:158:12)
    at MailStation.failureProcess (C:\Users\Administrator\Desktop\testServer\game-server\node_modules\pinus-rpc\lib\rpc-client\failureProcess.ts:34:12)
    at MailStation.emit (events.js:210:5)
    at C:\Users\Administrator\Desktop\testServer\game-server\node_modules\pinus-rpc\lib\rpc-client\mailstation.ts:290:26
    at Timeout.<anonymous> (C:\Users\Administrator\Desktop\testServer\game-server\node_modules\pinus-rpc\lib\rpc-client\mailboxes\mqtt-mailbox.ts:289:13)
    at listOnTimeout (internal/timers.js:531:17)
    at processTimers (internal/timers.js:475:7)
[2020-04-10T19:51:55.844] [ERROR] pinus-rpc - [connector-server-1 mqtt-mailbox] rpc socket connector-server-1 is error, remote server game-server_1 host: 127.0.0.1, port: 6050Error: 
    at Logger.pLogger.(anonymous function) [as error] (D:\pomelo20200224\testExmaple\pinus-chat-example\game-server\node_modules\pinus-logger\lib\logger.ts:70:34)
    at Connection.<anonymous> (D:\pomelo20200224\testExmaple\pinus-chat-example\game-server\node_modules\pinus-rpc\lib\rpc-client\mailboxes\mqtt-mailbox.ts:116:20)
    at Connection.emit (events.js:189:13)
    at Socket.emit (events.js:189:13)
    at emitErrorNT (internal/streams/destroy.js:82:8)
    at emitErrorAndCloseNT (internal/streams/destroy.js:50:3)
    at process._tickCallback (internal/process/next_tick.js:63:19)
[2020-04-10T19:53:20.732] [ERROR] pinus-rpc - [connector-server-1 mqtt-mailbox] mqtt rpc client connector-server-1 checkKeepAlive timeout from remote server game-server_1 for 20000 lastPing: 1586519580710 lastPong: 1586519570711Error: 
    at Logger.pLogger.(anonymous function) [as error] (D:\pomelo20200224\testExmaple\pinus-chat-example\game-server\node_modules\pinus-logger\lib\logger.ts:70:34)
    at MailBox.checkKeepAlive (D:\pomelo20200224\testExmaple\pinus-chat-example\game-server\node_modules\pinus-rpc\lib\rpc-client\mailboxes\mqtt-mailbox.ts:221:28)
    at Timeout._onTimeout (D:\pomelo20200224\testExmaple\pinus-chat-example\game-server\node_modules\pinus-rpc\lib\rpc-client\mailboxes\mqtt-mailbox.ts:206:18)
    at ontimeout (timers.js:436:11)
    at tryOnTimeout (timers.js:300:5)
    at listOnTimeout (timers.js:263:5)
    at Timer.processTimers (timers.js:223:10)
[2020-04-10T19:53:22.889] [ERROR] pinus-rpc - [connector-server-1 mqtt-mailbox] rpc connector-server-1 callback timeout 30000, remote server 2 host: 127.0.0.1, port: 6050Error: 
    at Logger.pLogger.(anonymous function) [as error] (D:\pomelo20200224\testExmaple\pinus-chat-example\game-server\node_modules\pinus-logger\lib\logger.ts:70:34)
    at Timeout.setTimeout (D:\pomelo20200224\testExmaple\pinus-chat-example\game-server\node_modules\pinus-rpc\lib\rpc-client\mailboxes\mqtt-mailbox.ts:288:20)
    at ontimeout (timers.js:436:11)
    at tryOnTimeout (timers.js:300:5)
    at listOnTimeout (timers.js:263:5)
    at Timer.processTimers (timers.js:223:10)
[2020-04-10T19:53:22.895] [ERROR] pinus-rpc - [connector-server-1 MailStation] [pinus-rpc] fail to send message Error: rpc connector-server-1 callback timeout 30000, remote server 2 host: 127.0.0.1, port: 6050
    at Timeout.setTimeout (D:\pomelo20200224\testExmaple\pinus-chat-example\game-server\node_modules\pinus-rpc\lib\rpc-client\mailboxes\mqtt-mailbox.ts:289:24)
    at ontimeout (timers.js:436:11)
    at tryOnTimeout (timers.js:300:5)
    at listOnTimeout (timers.js:263:5)
    at Timer.processTimers (timers.js:223:10)Error: 
    at Logger.pLogger.(anonymous function) [as error] (D:\pomelo20200224\testExmaple\pinus-chat-example\game-server\node_modules\pinus-logger\lib\logger.ts:70:34)
    at D:\pomelo20200224\testExmaple\pinus-chat-example\game-server\node_modules\pinus-rpc\lib\rpc-client\mailstation.ts:289:28
    at Timeout.setTimeout (D:\pomelo20200224\testExmaple\pinus-chat-example\game-server\node_modules\pinus-rpc\lib\rpc-client\mailboxes\mqtt-mailbox.ts:289:13)
    at ontimeout (timers.js:436:11)
    at tryOnTimeout (timers.js:300:5)
    at listOnTimeout (timers.js:263:5)
    at Timer.processTimers (timers.js:223:10)
[2020-04-10T19:53:22.899] [ERROR] pinus-rpc - [connector-server-1 failprocess] rpc failed with error, remote server: game-server_1, msg: {"namespace":"sys","serverType":"game","service":"msgRemote","method":"forwardMessage","args":[{"id":11,"type":0,"compressRoute":0,"route":"game.chatHandler.send","body":{"rid":"1","content":"1","from":"w1","target":"*"},"compressGzip":0},{"id":1,"frontendId":"connector-server-1","uid":"w1*1","settings":{"rid":"1"}}]}, error code: 5Error: 
    at Logger.pLogger.(anonymous function) [as error] (D:\pomelo20200224\testExmaple\pinus-chat-example\game-server\node_modules\pinus-logger\lib\logger.ts:70:34)
    at MailStation.failfast (D:\pomelo20200224\testExmaple\pinus-chat-example\game-server\node_modules\pinus-rpc\lib\rpc-client\failureProcess.ts:158:12)
    at MailStation.failureProcess (D:\pomelo20200224\testExmaple\pinus-chat-example\game-server\node_modules\pinus-rpc\lib\rpc-client\failureProcess.ts:34:12)
    at MailStation.emit (events.js:189:13)
    at D:\pomelo20200224\testExmaple\pinus-chat-example\game-server\node_modules\pinus-rpc\lib\rpc-client\mailstation.ts:290:26
    at Timeout.setTimeout (D:\pomelo20200224\testExmaple\pinus-chat-example\game-server\node_modules\pinus-rpc\lib\rpc-client\mailboxes\mqtt-mailbox.ts:289:13)
    at ontimeout (timers.js:436:11)
    at tryOnTimeout (timers.js:300:5)
    at listOnTimeout (timers.js:263:5)
    at Timer.processTimers (timers.js:223:10)
[2020-04-11T10:36:20.980] [ERROR] pinus-rpc - [connector-server-1 mqtt-mailbox] rpc connector-server-1 callback timeout 30000, remote server 0 host: 127.0.0.1, port: 6050Error: 
    at Logger.pLogger.(anonymous function) [as error] (d:\pomelo20200224\testExmaple\pinus-chat-example\game-server\node_modules\pinus-logger\lib\logger.ts:70:34)
    at Timeout.setTimeout (d:\pomelo20200224\testExmaple\pinus-chat-example\game-server\node_modules\pinus-rpc\lib\rpc-client\mailboxes\mqtt-mailbox.ts:288:20)
    at ontimeout (timers.js:436:11)
    at tryOnTimeout (timers.js:300:5)
    at listOnTimeout (timers.js:263:5)
    at Timer.processTimers (timers.js:223:10)
[2020-04-11T10:36:20.986] [ERROR] pinus-rpc - [connector-server-1 MailStation] [pinus-rpc] fail to send message Error: rpc connector-server-1 callback timeout 30000, remote server 0 host: 127.0.0.1, port: 6050
    at Timeout.setTimeout (d:\pomelo20200224\testExmaple\pinus-chat-example\game-server\node_modules\pinus-rpc\lib\rpc-client\mailboxes\mqtt-mailbox.ts:289:24)
    at ontimeout (timers.js:436:11)
    at tryOnTimeout (timers.js:300:5)
    at listOnTimeout (timers.js:263:5)
    at Timer.processTimers (timers.js:223:10)Error: 
    at Logger.pLogger.(anonymous function) [as error] (d:\pomelo20200224\testExmaple\pinus-chat-example\game-server\node_modules\pinus-logger\lib\logger.ts:70:34)
    at d:\pomelo20200224\testExmaple\pinus-chat-example\game-server\node_modules\pinus-rpc\lib\rpc-client\mailstation.ts:289:28
    at Timeout.setTimeout (d:\pomelo20200224\testExmaple\pinus-chat-example\game-server\node_modules\pinus-rpc\lib\rpc-client\mailboxes\mqtt-mailbox.ts:289:13)
    at ontimeout (timers.js:436:11)
    at tryOnTimeout (timers.js:300:5)
    at listOnTimeout (timers.js:263:5)
    at Timer.processTimers (timers.js:223:10)
[2020-04-11T10:36:20.988] [ERROR] pinus-rpc - [connector-server-1 failprocess] rpc failed with error, remote server: game-server_1, msg: {"namespace":"user","serverType":"game","service":"gameRemote","method":"add","args":["w1*1","connector-server-1","1",true]}, error code: 5Error: 
    at Logger.pLogger.(anonymous function) [as error] (d:\pomelo20200224\testExmaple\pinus-chat-example\game-server\node_modules\pinus-logger\lib\logger.ts:70:34)
    at MailStation.failfast (d:\pomelo20200224\testExmaple\pinus-chat-example\game-server\node_modules\pinus-rpc\lib\rpc-client\failureProcess.ts:158:12)
    at MailStation.failureProcess (d:\pomelo20200224\testExmaple\pinus-chat-example\game-server\node_modules\pinus-rpc\lib\rpc-client\failureProcess.ts:34:12)
    at MailStation.emit (events.js:189:13)
    at d:\pomelo20200224\testExmaple\pinus-chat-example\game-server\node_modules\pinus-rpc\lib\rpc-client\mailstation.ts:290:26
    at Timeout.setTimeout (d:\pomelo20200224\testExmaple\pinus-chat-example\game-server\node_modules\pinus-rpc\lib\rpc-client\mailboxes\mqtt-mailbox.ts:289:13)
    at ontimeout (timers.js:436:11)
    at tryOnTimeout (timers.js:300:5)
    at listOnTimeout (timers.js:263:5)
    at Timer.processTimers (timers.js:223:10)
[2020-04-11T10:36:30.961] [ERROR] pinus-rpc - [connector-server-1 mqtt-mailbox] mqtt rpc client connector-server-1 checkKeepAlive timeout from remote server game-server_1 for 20000 lastPing: 1586572560960 lastPong: -1Error: 
    at Logger.pLogger.(anonymous function) [as error] (d:\pomelo20200224\testExmaple\pinus-chat-example\game-server\node_modules\pinus-logger\lib\logger.ts:70:34)
    at MailBox.checkKeepAlive (d:\pomelo20200224\testExmaple\pinus-chat-example\game-server\node_modules\pinus-rpc\lib\rpc-client\mailboxes\mqtt-mailbox.ts:221:28)
    at Timeout._onTimeout (d:\pomelo20200224\testExmaple\pinus-chat-example\game-server\node_modules\pinus-rpc\lib\rpc-client\mailboxes\mqtt-mailbox.ts:206:18)
    at ontimeout (timers.js:436:11)
    at tryOnTimeout (timers.js:300:5)
    at listOnTimeout (timers.js:263:5)
    at Timer.processTimers (timers.js:223:10)
[2020-04-11T10:44:32.372] [ERROR] pinus-rpc - [connector-server-1 mqtt-mailbox] rpc connector-server-1 callback timeout 30000, remote server 1 host: 127.0.0.1, port: 6050Error: 
    at Logger.pLogger.(anonymous function) [as error] (d:\pomelo20200224\testExmaple\pinus-chat-example\game-server\node_modules\pinus-logger\lib\logger.ts:70:34)
    at Timeout.setTimeout (d:\pomelo20200224\testExmaple\pinus-chat-example\game-server\node_modules\pinus-rpc\lib\rpc-client\mailboxes\mqtt-mailbox.ts:288:20)
    at ontimeout (timers.js:436:11)
    at tryOnTimeout (timers.js:300:5)
    at listOnTimeout (timers.js:263:5)
    at Timer.processTimers (timers.js:223:10)
[2020-04-11T10:44:32.373] [ERROR] pinus-rpc - [connector-server-1 MailStation] [pinus-rpc] fail to send message Error: rpc connector-server-1 callback timeout 30000, remote server 1 host: 127.0.0.1, port: 6050
    at Timeout.setTimeout (d:\pomelo20200224\testExmaple\pinus-chat-example\game-server\node_modules\pinus-rpc\lib\rpc-client\mailboxes\mqtt-mailbox.ts:289:24)
    at ontimeout (timers.js:436:11)
    at tryOnTimeout (timers.js:300:5)
    at listOnTimeout (timers.js:263:5)
    at Timer.processTimers (timers.js:223:10)Error: 
    at Logger.pLogger.(anonymous function) [as error] (d:\pomelo20200224\testExmaple\pinus-chat-example\game-server\node_modules\pinus-logger\lib\logger.ts:70:34)
    at d:\pomelo20200224\testExmaple\pinus-chat-example\game-server\node_modules\pinus-rpc\lib\rpc-client\mailstation.ts:289:28
    at Timeout.setTimeout (d:\pomelo20200224\testExmaple\pinus-chat-example\game-server\node_modules\pinus-rpc\lib\rpc-client\mailboxes\mqtt-mailbox.ts:289:13)
    at ontimeout (timers.js:436:11)
    at tryOnTimeout (timers.js:300:5)
    at listOnTimeout (timers.js:263:5)
    at Timer.processTimers (timers.js:223:10)
[2020-04-11T10:44:32.373] [ERROR] pinus-rpc - [connector-server-1 failprocess] rpc failed with error, remote server: game-server_1, msg: {"namespace":"user","serverType":"game","service":"gameRemote","method":"add","args":["w1*1","connector-server-1","1",true]}, error code: 5Error: 
    at Logger.pLogger.(anonymous function) [as error] (d:\pomelo20200224\testExmaple\pinus-chat-example\game-server\node_modules\pinus-logger\lib\logger.ts:70:34)
    at MailStation.failfast (d:\pomelo20200224\testExmaple\pinus-chat-example\game-server\node_modules\pinus-rpc\lib\rpc-client\failureProcess.ts:158:12)
    at MailStation.failureProcess (d:\pomelo20200224\testExmaple\pinus-chat-example\game-server\node_modules\pinus-rpc\lib\rpc-client\failureProcess.ts:34:12)
    at MailStation.emit (events.js:189:13)
    at d:\pomelo20200224\testExmaple\pinus-chat-example\game-server\node_modules\pinus-rpc\lib\rpc-client\mailstation.ts:290:26
    at Timeout.setTimeout (d:\pomelo20200224\testExmaple\pinus-chat-example\game-server\node_modules\pinus-rpc\lib\rpc-client\mailboxes\mqtt-mailbox.ts:289:13)
    at ontimeout (timers.js:436:11)
    at tryOnTimeout (timers.js:300:5)
    at listOnTimeout (timers.js:263:5)
    at Timer.processTimers (timers.js:223:10)
[2020-04-11T10:44:32.374] [ERROR] pinus-rpc - [connector-server-1 mqtt-mailbox] mqtt rpc client connector-server-1 checkKeepAlive timeout from remote server game-server_1 for 20000 lastPing: 1586572784612 lastPong: 1586572688089Error: 
    at Logger.pLogger.(anonymous function) [as error] (d:\pomelo20200224\testExmaple\pinus-chat-example\game-server\node_modules\pinus-logger\lib\logger.ts:70:34)
    at MailBox.checkKeepAlive (d:\pomelo20200224\testExmaple\pinus-chat-example\game-server\node_modules\pinus-rpc\lib\rpc-client\mailboxes\mqtt-mailbox.ts:221:28)
    at Timeout._onTimeout (d:\pomelo20200224\testExmaple\pinus-chat-example\game-server\node_modules\pinus-rpc\lib\rpc-client\mailboxes\mqtt-mailbox.ts:206:18)
    at ontimeout (timers.js:436:11)
    at tryOnTimeout (timers.js:300:5)
    at listOnTimeout (timers.js:263:5)
    at Timer.processTimers (timers.js:223:10)
[2020-04-11T10:45:02.372] [ERROR] pinus-rpc - [connector-server-1 mqtt-mailbox] rpc connector-server-1 callback timeout 30000, remote server 2 host: 127.0.0.1, port: 6050Error: 
    at Logger.pLogger.(anonymous function) [as error] (d:\pomelo20200224\testExmaple\pinus-chat-example\game-server\node_modules\pinus-logger\lib\logger.ts:70:34)
    at Timeout.setTimeout (d:\pomelo20200224\testExmaple\pinus-chat-example\game-server\node_modules\pinus-rpc\lib\rpc-client\mailboxes\mqtt-mailbox.ts:288:20)
    at ontimeout (timers.js:436:11)
    at tryOnTimeout (timers.js:300:5)
    at listOnTimeout (timers.js:263:5)
    at Timer.processTimers (timers.js:223:10)
[2020-04-11T10:45:02.372] [ERROR] pinus-rpc - [connector-server-1 MailStation] [pinus-rpc] fail to send message Error: rpc connector-server-1 callback timeout 30000, remote server 2 host: 127.0.0.1, port: 6050
    at Timeout.setTimeout (d:\pomelo20200224\testExmaple\pinus-chat-example\game-server\node_modules\pinus-rpc\lib\rpc-client\mailboxes\mqtt-mailbox.ts:289:24)
    at ontimeout (timers.js:436:11)
    at tryOnTimeout (timers.js:300:5)
    at listOnTimeout (timers.js:263:5)
    at Timer.processTimers (timers.js:223:10)Error: 
    at Logger.pLogger.(anonymous function) [as error] (d:\pomelo20200224\testExmaple\pinus-chat-example\game-server\node_modules\pinus-logger\lib\logger.ts:70:34)
    at d:\pomelo20200224\testExmaple\pinus-chat-example\game-server\node_modules\pinus-rpc\lib\rpc-client\mailstation.ts:289:28
    at Timeout.setTimeout (d:\pomelo20200224\testExmaple\pinus-chat-example\game-server\node_modules\pinus-rpc\lib\rpc-client\mailboxes\mqtt-mailbox.ts:289:13)
    at ontimeout (timers.js:436:11)
    at tryOnTimeout (timers.js:300:5)
    at listOnTimeout (timers.js:263:5)
    at Timer.processTimers (timers.js:223:10)
[2020-04-11T10:45:02.373] [ERROR] pinus-rpc - [connector-server-1 failprocess] rpc failed with error, remote server: game-server_1, msg: {"namespace":"user","serverType":"game","service":"gameRemote","method":"kick","args":["w1*1","connector-server-1","1"]}, error code: 5Error: 
    at Logger.pLogger.(anonymous function) [as error] (d:\pomelo20200224\testExmaple\pinus-chat-example\game-server\node_modules\pinus-logger\lib\logger.ts:70:34)
    at MailStation.failfast (d:\pomelo20200224\testExmaple\pinus-chat-example\game-server\node_modules\pinus-rpc\lib\rpc-client\failureProcess.ts:158:12)
    at MailStation.failureProcess (d:\pomelo20200224\testExmaple\pinus-chat-example\game-server\node_modules\pinus-rpc\lib\rpc-client\failureProcess.ts:34:12)
    at MailStation.emit (events.js:189:13)
    at d:\pomelo20200224\testExmaple\pinus-chat-example\game-server\node_modules\pinus-rpc\lib\rpc-client\mailstation.ts:290:26
    at Timeout.setTimeout (d:\pomelo20200224\testExmaple\pinus-chat-example\game-server\node_modules\pinus-rpc\lib\rpc-client\mailboxes\mqtt-mailbox.ts:289:13)
    at ontimeout (timers.js:436:11)
    at tryOnTimeout (timers.js:300:5)
    at listOnTimeout (timers.js:263:5)
    at Timer.processTimers (timers.js:223:10)
[2020-06-02T20:55:08.178] [ERROR] pinus-rpc - [connector-server-1 mqtt-mailbox] mqtt rpc client connector-server-1 checkKeepAlive timeout from remote server game-server_1 for 20000 lastPing: 1591102488156 lastPong: 1591102478157Error: 
    at Logger.pLogger.(anonymous function) [as error] (d:\pomelo20200224\testExmaple\pinus-chat-example\game-server\node_modules\pinus-logger\lib\logger.ts:70:34)
    at MailBox.checkKeepAlive (d:\pomelo20200224\testExmaple\pinus-chat-example\game-server\node_modules\pinus-rpc\lib\rpc-client\mailboxes\mqtt-mailbox.ts:221:28)
    at Timeout._onTimeout (d:\pomelo20200224\testExmaple\pinus-chat-example\game-server\node_modules\pinus-rpc\lib\rpc-client\mailboxes\mqtt-mailbox.ts:206:18)
    at ontimeout (timers.js:436:11)
    at tryOnTimeout (timers.js:300:5)
    at listOnTimeout (timers.js:263:5)
    at Timer.processTimers (timers.js:223:10)
[2020-06-02T20:55:13.382] [ERROR] pinus-rpc - [connector-server-1 mqtt-mailbox] rpc connector-server-1 callback timeout 30000, remote server 5 host: 127.0.0.1, port: 6050Error: 
    at Logger.pLogger.(anonymous function) [as error] (d:\pomelo20200224\testExmaple\pinus-chat-example\game-server\node_modules\pinus-logger\lib\logger.ts:70:34)
    at Timeout.setTimeout (d:\pomelo20200224\testExmaple\pinus-chat-example\game-server\node_modules\pinus-rpc\lib\rpc-client\mailboxes\mqtt-mailbox.ts:288:20)
    at ontimeout (timers.js:436:11)
    at tryOnTimeout (timers.js:300:5)
    at listOnTimeout (timers.js:263:5)
    at Timer.processTimers (timers.js:223:10)
[2020-06-02T20:55:13.387] [ERROR] pinus-rpc - [connector-server-1 MailStation] [pinus-rpc] fail to send message Error: rpc connector-server-1 callback timeout 30000, remote server 5 host: 127.0.0.1, port: 6050
    at Timeout.setTimeout (d:\pomelo20200224\testExmaple\pinus-chat-example\game-server\node_modules\pinus-rpc\lib\rpc-client\mailboxes\mqtt-mailbox.ts:289:24)
    at ontimeout (timers.js:436:11)
    at tryOnTimeout (timers.js:300:5)
    at listOnTimeout (timers.js:263:5)
    at Timer.processTimers (timers.js:223:10)Error: 
    at Logger.pLogger.(anonymous function) [as error] (d:\pomelo20200224\testExmaple\pinus-chat-example\game-server\node_modules\pinus-logger\lib\logger.ts:70:34)
    at d:\pomelo20200224\testExmaple\pinus-chat-example\game-server\node_modules\pinus-rpc\lib\rpc-client\mailstation.ts:289:28
    at Timeout.setTimeout (d:\pomelo20200224\testExmaple\pinus-chat-example\game-server\node_modules\pinus-rpc\lib\rpc-client\mailboxes\mqtt-mailbox.ts:289:13)
    at ontimeout (timers.js:436:11)
    at tryOnTimeout (timers.js:300:5)
    at listOnTimeout (timers.js:263:5)
    at Timer.processTimers (timers.js:223:10)
[2020-06-02T20:55:13.391] [ERROR] pinus-rpc - [connector-server-1 failprocess] rpc failed with error, remote server: game-server_1, msg: {"namespace":"sys","serverType":"game","service":"msgRemote","method":"forwardMessage","args":[{"id":5,"type":0,"compressRoute":0,"route":"game.chatHandler.send","body":{"rid":"1","content":"1","from":"1","target":"*"},"compressGzip":0},{"id":2,"frontendId":"connector-server-1","uid":"1*1","settings":{"rid":"1"}}]}, error code: 5Error: 
    at Logger.pLogger.(anonymous function) [as error] (d:\pomelo20200224\testExmaple\pinus-chat-example\game-server\node_modules\pinus-logger\lib\logger.ts:70:34)
    at MailStation.failfast (d:\pomelo20200224\testExmaple\pinus-chat-example\game-server\node_modules\pinus-rpc\lib\rpc-client\failureProcess.ts:158:12)
    at MailStation.failureProcess (d:\pomelo20200224\testExmaple\pinus-chat-example\game-server\node_modules\pinus-rpc\lib\rpc-client\failureProcess.ts:34:12)
    at MailStation.emit (events.js:189:13)
    at d:\pomelo20200224\testExmaple\pinus-chat-example\game-server\node_modules\pinus-rpc\lib\rpc-client\mailstation.ts:290:26
    at Timeout.setTimeout (d:\pomelo20200224\testExmaple\pinus-chat-example\game-server\node_modules\pinus-rpc\lib\rpc-client\mailboxes\mqtt-mailbox.ts:289:13)
    at ontimeout (timers.js:436:11)
    at tryOnTimeout (timers.js:300:5)
    at listOnTimeout (timers.js:263:5)
    at Timer.processTimers (timers.js:223:10)
[2020-06-08T20:45:48.522] [ERROR] pinus-rpc - [connector-server-1 mqtt-mailbox] rpc connector-server-1 callback timeout 30000, remote server 8 host: 127.0.0.1, port: 6050Error: 
    at Logger.pLogger.(anonymous function) [as error] (D:\pomelo20200224\testExmaple\pinus-chat-example\game-server\node_modules\pinus-logger\lib\logger.ts:70:34)
    at Timeout.setTimeout (D:\pomelo20200224\testExmaple\pinus-chat-example\game-server\node_modules\pinus-rpc\lib\rpc-client\mailboxes\mqtt-mailbox.ts:288:20)
    at ontimeout (timers.js:436:11)
    at tryOnTimeout (timers.js:300:5)
    at listOnTimeout (timers.js:263:5)
    at Timer.processTimers (timers.js:223:10)
[2020-06-08T20:45:48.526] [ERROR] pinus-rpc - [connector-server-1 MailStation] [pinus-rpc] fail to send message Error: rpc connector-server-1 callback timeout 30000, remote server 8 host: 127.0.0.1, port: 6050
    at Timeout.setTimeout (D:\pomelo20200224\testExmaple\pinus-chat-example\game-server\node_modules\pinus-rpc\lib\rpc-client\mailboxes\mqtt-mailbox.ts:289:24)
    at ontimeout (timers.js:436:11)
    at tryOnTimeout (timers.js:300:5)
    at listOnTimeout (timers.js:263:5)
    at Timer.processTimers (timers.js:223:10)Error: 
    at Logger.pLogger.(anonymous function) [as error] (D:\pomelo20200224\testExmaple\pinus-chat-example\game-server\node_modules\pinus-logger\lib\logger.ts:70:34)
    at D:\pomelo20200224\testExmaple\pinus-chat-example\game-server\node_modules\pinus-rpc\lib\rpc-client\mailstation.ts:289:28
    at Timeout.setTimeout (D:\pomelo20200224\testExmaple\pinus-chat-example\game-server\node_modules\pinus-rpc\lib\rpc-client\mailboxes\mqtt-mailbox.ts:289:13)
    at ontimeout (timers.js:436:11)
    at tryOnTimeout (timers.js:300:5)
    at listOnTimeout (timers.js:263:5)
    at Timer.processTimers (timers.js:223:10)
[2020-06-08T20:45:48.528] [ERROR] pinus-rpc - [connector-server-1 failprocess] rpc failed with error, remote server: game-server_1, msg: {"namespace":"user","serverType":"game","service":"gameRemote","method":"add","args":["1*1","connector-server-1","1",true]}, error code: 5Error: 
    at Logger.pLogger.(anonymous function) [as error] (D:\pomelo20200224\testExmaple\pinus-chat-example\game-server\node_modules\pinus-logger\lib\logger.ts:70:34)
    at MailStation.failfast (D:\pomelo20200224\testExmaple\pinus-chat-example\game-server\node_modules\pinus-rpc\lib\rpc-client\failureProcess.ts:158:12)
    at MailStation.failureProcess (D:\pomelo20200224\testExmaple\pinus-chat-example\game-server\node_modules\pinus-rpc\lib\rpc-client\failureProcess.ts:34:12)
    at MailStation.emit (events.js:189:13)
    at D:\pomelo20200224\testExmaple\pinus-chat-example\game-server\node_modules\pinus-rpc\lib\rpc-client\mailstation.ts:290:26
    at Timeout.setTimeout (D:\pomelo20200224\testExmaple\pinus-chat-example\game-server\node_modules\pinus-rpc\lib\rpc-client\mailboxes\mqtt-mailbox.ts:289:13)
    at ontimeout (timers.js:436:11)
    at tryOnTimeout (timers.js:300:5)
    at listOnTimeout (timers.js:263:5)
    at Timer.processTimers (timers.js:223:10)
[2020-06-08T20:45:48.543] [WARN] pinus-rpc - [connector-server-1 mqtt-mailbox] timer is not exsits, serverId: connector-server-1 remote: 8, host: 127.0.0.1, port: 6050
[2020-07-07T10:52:22.872] [ERROR] pinus-rpc - [connector-server-1 mqtt-mailbox] mqtt rpc client connector-server-1 checkKeepAlive timeout from remote server game-server_1 for 20000 lastPing: 1594090322858 lastPong: 1594090322857Error: 
    at Logger.pLogger.(anonymous function) [as error] (D:\pomelo20200224\testExmaple\pinus-chat-example\game-server\node_modules\pinus-logger\lib\logger.ts:70:34)
    at MailBox.checkKeepAlive (D:\pomelo20200224\testExmaple\pinus-chat-example\game-server\node_modules\pinus-rpc\lib\rpc-client\mailboxes\mqtt-mailbox.ts:221:28)
    at Timeout._onTimeout (D:\pomelo20200224\testExmaple\pinus-chat-example\game-server\node_modules\pinus-rpc\lib\rpc-client\mailboxes\mqtt-mailbox.ts:206:18)
    at ontimeout (timers.js:436:11)
    at tryOnTimeout (timers.js:300:5)
    at listOnTimeout (timers.js:263:5)
    at Timer.processTimers (timers.js:223:10)
[2020-07-09T02:39:07.889] [ERROR] pinus-rpc - [connector-server-1 mqtt-mailbox] mqtt rpc client connector-server-1 checkKeepAlive timeout from remote server game-server_1 for 20000 lastPing: 1594233517885 lastPong: 1594233517884Error: 
    at Logger.pLogger.(anonymous function) [as error] (D:\pomelo20200224\testExmaple\pinus-chat-example\game-server\node_modules\pinus-logger\lib\logger.ts:70:34)
    at MailBox.checkKeepAlive (D:\pomelo20200224\testExmaple\pinus-chat-example\game-server\node_modules\pinus-rpc\lib\rpc-client\mailboxes\mqtt-mailbox.ts:221:28)
    at Timeout._onTimeout (D:\pomelo20200224\testExmaple\pinus-chat-example\game-server\node_modules\pinus-rpc\lib\rpc-client\mailboxes\mqtt-mailbox.ts:206:18)
    at ontimeout (timers.js:436:11)
    at tryOnTimeout (timers.js:300:5)
    at listOnTimeout (timers.js:263:5)
    at Timer.processTimers (timers.js:223:10)
